Using pre-set license
Built from '2020.2/staging' branch; Version is '2020.2.0b5 (e2067236bd5c) revision 14812786'; Using compiler version '192528614'; Build Type 'Release'
OS: 'Windows 10  (10.0.0) 64bit' Language: 'en' Physical Memory: 16321 MB
BatchMode: 1, IsHumanControllingUs: 0, StartBugReporterOnCrash: 0, Is64bit: 1, IsPro: 0

 COMMAND LINE ARGUMENTS:
C:\Program Files\Unity\Hub\Editor\2020.2.0b5\Editor\Unity.exe
-adb2
-batchMode
-noUpm
-name
AssetImportWorker0
-projectPath
C:/Dev/Unity/Undercooked
-logFile
Logs/AssetImportWorker0.log
-srvPort
59090
Successfully changed project path to: C:/Dev/Unity/Undercooked
C:/Dev/Unity/Undercooked
Using Asset Import Pipeline V2.
Refreshing native plugins compatible for Editor in 63.21 ms, found 2 plugins.
Preloading 0 native plugins for Editor in 0.00 ms.
Initialize engine version: 2020.2.0b5 (e2067236bd5c)
[Subsystems] Discovering subsystems at path C:/Program Files/Unity/Hub/Editor/2020.2.0b5/Editor/Data/Resources/UnitySubsystems
[Subsystems] Discovering subsystems at path C:/Dev/Unity/Undercooked/Assets
GfxDevice: creating device client; threaded=0
Direct3D:
    Version:  Direct3D 11.0 [level 11.1]
    Renderer: NVIDIA GeForce RTX 2070 (ID=0x1f07)
    Vendor:   
    VRAM:     8031 MB
    Driver:   27.21.14.5638
Shader 'Universal Render Pipeline/Particles/Lit': fallback shader 'Universal Render Pipeline/Particles/SimpleLit' not found
Initialize mono
Mono path[0] = 'C:/Program Files/Unity/Hub/Editor/2020.2.0b5/Editor/Data/Managed'
Mono path[1] = 'C:/Program Files/Unity/Hub/Editor/2020.2.0b5/Editor/Data/MonoBleedingEdge/lib/mono/unityjit'
Mono config path = 'C:/Program Files/Unity/Hub/Editor/2020.2.0b5/Editor/Data/MonoBleedingEdge/etc'
Using monoOptions --debugger-agent=transport=dt_socket,embedding=1,server=y,suspend=n,address=127.0.0.1:56500
Begin MonoManager ReloadAssembly
Registering precompiled unity dll's ...
Register platform support module: C:/Program Files/Unity/Hub/Editor/2020.2.0b5/Editor/Data/PlaybackEngines/WebGLSupport/UnityEditor.WebGL.Extensions.dll
Register platform support module: C:/Program Files/Unity/Hub/Editor/2020.2.0b5/Editor/Data/PlaybackEngines/WindowsStandaloneSupport/UnityEditor.WindowsStandalone.Extensions.dll
Registered in 0.002119 seconds.
Native extension for WindowsStandalone target not found
Native extension for WebGL target not found
Refreshing native plugins compatible for Editor in 57.66 ms, found 2 plugins.
Preloading 0 native plugins for Editor in 0.00 ms.
Invoked RoslynAnalysisRunner static constructor.
RoslynAnalysisRunner will not be running.
RoslynAnalysisRunner has terminated.
Mono: successfully reloaded assembly
- Completed reload, in  1.889 seconds
Platform modules already initialized, skipping
Registering precompiled user dll's ...
Registered in 0.001918 seconds.
Begin MonoManager ReloadAssembly
Symbol file LoadedFromMemory doesn't match image C:\Dev\Unity\Undercooked\Library\PackageCache\com.unity.ext.nunit@1.0.0\net35\unity-custom\nunit.framework.dll
Native extension for WindowsStandalone target not found
Native extension for WebGL target not found
Refreshing native plugins compatible for Editor in 58.82 ms, found 2 plugins.
Preloading 0 native plugins for Editor in 0.00 ms.
Invoked RoslynAnalysisRunner static constructor.
RoslynAnalysisRunner will not be running.
RoslynAnalysisRunner has terminated.
Mono: successfully reloaded assembly
- Completed reload, in  1.245 seconds
Platform modules already initialized, skipping
========================================================================
Worker process is ready to serve import requests
Shader 'Universal Render Pipeline/Particles/Lit': fallback shader 'Universal Render Pipeline/Particles/SimpleLit' not found
Launched and connected shader compiler UnityShaderCompiler.exe after 0.07 seconds
Refreshing native plugins compatible for Editor in 0.65 ms, found 2 plugins.
Preloading 0 native plugins for Editor in 0.00 ms.
Unloading 3492 Unused Serialized files (Serialized files now loaded: 0)
System memory in use before: 146.4 MB.
System memory in use after: 146.6 MB.

Unloading 134 unused Assets to reduce memory usage. Loaded Objects now: 3920.
Total: 2.750400 ms (FindLiveObjects: 0.492000 ms CreateObjectMapping: 0.229900 ms MarkObjects: 1.852500 ms  DeleteObjects: 0.174300 ms)

========================================================================
Received Import Request.
  path: Assets/Art/FBX/IngreditentCrate@Open.fbx
  artifactKey: Guid(da15f4807f46af048b1932a81ef51910) Importer(815301076,1909f56bfc062723c751e8b465ee728b)
Start importing Assets/Art/FBX/IngreditentCrate@Open.fbx using Guid(da15f4807f46af048b1932a81ef51910) Importer(815301076,1909f56bfc062723c751e8b465ee728b)  -> (artifact id: '74624da4e49178f4127b105fc22fceaf') in 0.083825 seconds
  Import took 0.090321 seconds .

========================================================================
Received Import Request.
  Time since last request: 0.000312 seconds.
  path: Assets/Art/FBX/DishTray.fbx
  artifactKey: Guid(95322c50edc4e05498d4b9e1f89dc5d7) Importer(815301076,1909f56bfc062723c751e8b465ee728b)
Start importing Assets/Art/FBX/DishTray.fbx using Guid(95322c50edc4e05498d4b9e1f89dc5d7) Importer(815301076,1909f56bfc062723c751e8b465ee728b)  -> (artifact id: 'a5c6ee0fb786c60a0840abda96d1a7b6') in 0.446967 seconds
  Import took 0.454458 seconds .

========================================================================
Received Import Request.
  Time since last request: 0.000273 seconds.
  path: Assets/Art/FBX/IngreditentCrate.fbx
  artifactKey: Guid(7c7e82a14bc6fd8408e09a3fdcb99f09) Importer(815301076,1909f56bfc062723c751e8b465ee728b)
Start importing Assets/Art/FBX/IngreditentCrate.fbx using Guid(7c7e82a14bc6fd8408e09a3fdcb99f09) Importer(815301076,1909f56bfc062723c751e8b465ee728b)  -> (artifact id: '9eff0f28d908d0ee085b428cabb2194f') in 0.059326 seconds
  Import took 0.074698 seconds .

========================================================================
Received Import Request.
  Time since last request: 0.519797 seconds.
  path: Assets/Art/FBX/Chef.fbx
  artifactKey: Guid(635ce679f88e3cc44a3013ae77953687) Importer(815301076,1909f56bfc062723c751e8b465ee728b)
Start importing Assets/Art/FBX/Chef.fbx using Guid(635ce679f88e3cc44a3013ae77953687) Importer(815301076,1909f56bfc062723c751e8b465ee728b)  -> (artifact id: '14d5ee4710901201f386a3b3a1859231') in 0.027788 seconds
  Import took 0.035402 seconds .

========================================================================
Received Import Request.
  Time since last request: 6.412582 seconds.
  path: Assets/Prefabs/Countertop.prefab
  artifactKey: Guid(ff8314fdb19ce0844884bc526cec8c90) Importer(815301076,1909f56bfc062723c751e8b465ee728b)
Start importing Assets/Prefabs/Countertop.prefab using Guid(ff8314fdb19ce0844884bc526cec8c90) Importer(815301076,1909f56bfc062723c751e8b465ee728b)  -> (artifact id: 'd9226474e1ad81500d6bf67f0ef24ff2') in 0.016560 seconds
  Import took 0.023487 seconds .

========================================================================
Received Import Request.
  Time since last request: 65.033456 seconds.
  path: Assets/Prefabs/DishTray.prefab
  artifactKey: Guid(1482c22b965c79a4e8af14ffaad01efb) Importer(815301076,1909f56bfc062723c751e8b465ee728b)
Start importing Assets/Prefabs/DishTray.prefab using Guid(1482c22b965c79a4e8af14ffaad01efb) Importer(815301076,1909f56bfc062723c751e8b465ee728b)  -> (artifact id: '87a69279764cd0a1f4b96c53ebf8f712') in 0.012791 seconds
  Import took 0.021557 seconds .

========================================================================
Received Import Request.
  Time since last request: 0.001318 seconds.
  path: Assets/Prefabs/DishTray.prefab
  artifactKey: Guid(1482c22b965c79a4e8af14ffaad01efb) Importer(815301076,1909f56bfc062723c751e8b465ee728b)
Start importing Assets/Prefabs/DishTray.prefab using Guid(1482c22b965c79a4e8af14ffaad01efb) Importer(815301076,1909f56bfc062723c751e8b465ee728b)  -> (artifact id: '87a69279764cd0a1f4b96c53ebf8f712') in 0.008287 seconds
  Import took 0.016261 seconds .

========================================================================
Received Import Request.
  Time since last request: 4.610988 seconds.
  path: Assets/Prefabs/Countertop_.prefab
  artifactKey: Guid(ff8314fdb19ce0844884bc526cec8c90) Importer(815301076,1909f56bfc062723c751e8b465ee728b)
Start importing Assets/Prefabs/Countertop_.prefab using Guid(ff8314fdb19ce0844884bc526cec8c90) Importer(815301076,1909f56bfc062723c751e8b465ee728b)  -> (artifact id: '14d7fefc6ee1d56902a5728c83dbcc46') in 0.007174 seconds
  Import took 0.014504 seconds .

========================================================================
Received Import Request.
  Time since last request: 142.803283 seconds.
  path: Assets/Art/FBX/Countertop.fbx
  artifactKey: Guid(c8f0397811c121f4081ded63ca1c9995) Importer(815301076,1909f56bfc062723c751e8b465ee728b)
Start importing Assets/Art/FBX/Countertop.fbx using Guid(c8f0397811c121f4081ded63ca1c9995) Importer(815301076,1909f56bfc062723c751e8b465ee728b)  -> (artifact id: '292ac2033309edff0b565610ff22589c') in 0.016841 seconds
  Import took 0.025513 seconds .

========================================================================
Received Import Request.
  Time since last request: 33.564215 seconds.
  path: Assets/Prefabs/Countertop.prefab
  artifactKey: Guid(ff8314fdb19ce0844884bc526cec8c90) Importer(815301076,1909f56bfc062723c751e8b465ee728b)
Start importing Assets/Prefabs/Countertop.prefab using Guid(ff8314fdb19ce0844884bc526cec8c90) Importer(815301076,1909f56bfc062723c751e8b465ee728b)  -> (artifact id: '7a1e3f5411a6839fb860c12d15ab58cb') in 0.011468 seconds
  Import took 0.017555 seconds .

========================================================================
Received Import Request.
  Time since last request: 0.003193 seconds.
  path: Assets/Prefabs/Countertop.prefab
  artifactKey: Guid(ff8314fdb19ce0844884bc526cec8c90) Importer(815301076,1909f56bfc062723c751e8b465ee728b)
Start importing Assets/Prefabs/Countertop.prefab using Guid(ff8314fdb19ce0844884bc526cec8c90) Importer(815301076,1909f56bfc062723c751e8b465ee728b)  -> (artifact id: '7a1e3f5411a6839fb860c12d15ab58cb') in 0.008725 seconds
  Import took 0.033609 seconds .

========================================================================
Received Import Request.
  Time since last request: 3725.390312 seconds.
  path: Assets/Prefabs/IngreditentCrate.prefab
  artifactKey: Guid(614701975a007a34d8027fa6b8a8c88d) Importer(815301076,1909f56bfc062723c751e8b465ee728b)
Start importing Assets/Prefabs/IngreditentCrate.prefab using Guid(614701975a007a34d8027fa6b8a8c88d) Importer(815301076,1909f56bfc062723c751e8b465ee728b)  -> (artifact id: '69ed4e6eb307ac57f0f825cd5578c8a6') in 0.035664 seconds
  Import took 0.057888 seconds .

========================================================================
Received Prepare
Reloading mono domain
Begin MonoManager ReloadAssembly
Registering precompiled unity dll's ...
Register platform support module: C:/Program Files/Unity/Hub/Editor/2020.2.0b5/Editor/Data/PlaybackEngines/WebGLSupport/UnityEditor.WebGL.Extensions.dll
Register platform support module: C:/Program Files/Unity/Hub/Editor/2020.2.0b5/Editor/Data/PlaybackEngines/WindowsStandaloneSupport/UnityEditor.WindowsStandalone.Extensions.dll
Registered in 0.004516 seconds.
Symbol file LoadedFromMemory doesn't match image C:\Dev\Unity\Undercooked\Library\PackageCache\com.unity.ext.nunit@1.0.0\net35\unity-custom\nunit.framework.dll
Native extension for WindowsStandalone target not found
Native extension for WebGL target not found
Refreshing native plugins compatible for Editor in 414.44 ms, found 2 plugins.
Preloading 0 native plugins for Editor in 0.00 ms.
Warning: Annotation not found!
UnityEngine.StackTraceUtility:ExtractStackTrace ()
UnityEditor.ProBuilder.EditorUtility:SetGizmoIconEnabled (System.Type,bool) (at Library/PackageCache/com.unity.probuilder@4.4.0/Editor/EditorCore/EditorUtility.cs:593)
UnityEditor.ProBuilder.HierarchyListener:.cctor () (at Library/PackageCache/com.unity.probuilder@4.4.0/Editor/EditorCore/HierarchyListener.cs:21)
System.Runtime.CompilerServices.RuntimeHelpers:RunClassConstructor (System.RuntimeTypeHandle)
UnityEditor.EditorAssemblies:ProcessInitializeOnLoadAttributes (System.Type[])

[Library/PackageCache/com.unity.probuilder@4.4.0/Editor/EditorCore/EditorUtility.cs line 593]

Invoked RoslynAnalysisRunner static constructor.
RoslynAnalysisRunner will not be running.
RoslynAnalysisRunner has terminated.
Mono: successfully reloaded assembly
- Completed reload, in  6.985 seconds
Platform modules already initialized, skipping
Registering precompiled user dll's ...
Registered in 0.004024 seconds.
Begin MonoManager ReloadAssembly
Symbol file LoadedFromMemory doesn't match image C:\Dev\Unity\Undercooked\Library\PackageCache\com.unity.ext.nunit@1.0.0\net35\unity-custom\nunit.framework.dll
Native extension for WindowsStandalone target not found
Native extension for WebGL target not found
Refreshing native plugins compatible for Editor in 2.71 ms, found 2 plugins.
Preloading 0 native plugins for Editor in 0.00 ms.
Warning: Annotation not found!
UnityEngine.StackTraceUtility:ExtractStackTrace ()
UnityEditor.ProBuilder.EditorUtility:SetGizmoIconEnabled (System.Type,bool) (at Library/PackageCache/com.unity.probuilder@4.4.0/Editor/EditorCore/EditorUtility.cs:593)
UnityEditor.ProBuilder.HierarchyListener:.cctor () (at Library/PackageCache/com.unity.probuilder@4.4.0/Editor/EditorCore/HierarchyListener.cs:21)
System.Runtime.CompilerServices.RuntimeHelpers:RunClassConstructor (System.RuntimeTypeHandle)
UnityEditor.EditorAssemblies:ProcessInitializeOnLoadAttributes (System.Type[])

[Library/PackageCache/com.unity.probuilder@4.4.0/Editor/EditorCore/EditorUtility.cs line 593]

Invoked RoslynAnalysisRunner static constructor.
RoslynAnalysisRunner will not be running.
RoslynAnalysisRunner has terminated.
Mono: successfully reloaded assembly
- Completed reload, in 10.884 seconds
Platform modules already initialized, skipping
Shader 'Universal Render Pipeline/Particles/Lit': fallback shader 'Universal Render Pipeline/Particles/SimpleLit' not found
Refreshing native plugins compatible for Editor in 17.39 ms, found 2 plugins.
Preloading 0 native plugins for Editor in 0.00 ms.
Unloading 16 Unused Serialized files (Serialized files now loaded: 0)
System memory in use before: 77.7 MB.
System memory in use after: 77.9 MB.

Unloading 15 unused Assets to reduce memory usage. Loaded Objects now: 4015.
Total: 30.692700 ms (FindLiveObjects: 7.820900 ms CreateObjectMapping: 2.928100 ms MarkObjects: 19.677000 ms  DeleteObjects: 0.264100 ms)

========================================================================
Received Import Request.
  Time since last request: 16303.014748 seconds.
  path: Assets/Scripts/PlayerController.cs
  artifactKey: Guid(9b5ae3bc32cd4b2c81c6fbb817cf92dd) Importer(815301076,1909f56bfc062723c751e8b465ee728b)
Start importing Assets/Scripts/PlayerController.cs using Guid(9b5ae3bc32cd4b2c81c6fbb817cf92dd) Importer(815301076,1909f56bfc062723c751e8b465ee728b)  -> (artifact id: 'f87b30193535598c11ffac8683a21041') in 0.060828 seconds
  Import took 0.091321 seconds .

========================================================================
Received Import Request.
  Time since last request: 0.001531 seconds.
  path: Assets/Scripts/SimpleCameraController.cs
  artifactKey: Guid(be76e5f14cfee674cb30b491fb72b09b) Importer(815301076,1909f56bfc062723c751e8b465ee728b)
Start importing Assets/Scripts/SimpleCameraController.cs using Guid(be76e5f14cfee674cb30b491fb72b09b) Importer(815301076,1909f56bfc062723c751e8b465ee728b)  -> (artifact id: 'c8557f3f47c3a0b6f6d445fb9832df26') in 0.008257 seconds
  Import took 0.015382 seconds .

========================================================================
Received Prepare
Reloading mono domain
Begin MonoManager ReloadAssembly
Registering precompiled unity dll's ...
Register platform support module: C:/Program Files/Unity/Hub/Editor/2020.2.0b5/Editor/Data/PlaybackEngines/WebGLSupport/UnityEditor.WebGL.Extensions.dll
Register platform support module: C:/Program Files/Unity/Hub/Editor/2020.2.0b5/Editor/Data/PlaybackEngines/WindowsStandaloneSupport/UnityEditor.WindowsStandalone.Extensions.dll
Registered in 0.002784 seconds.
Symbol file LoadedFromMemory doesn't match image C:\Dev\Unity\Undercooked\Library\PackageCache\com.unity.ext.nunit@1.0.0\net35\unity-custom\nunit.framework.dll
Native extension for WindowsStandalone target not found
Native extension for WebGL target not found
Refreshing native plugins compatible for Editor in 209.09 ms, found 2 plugins.
Preloading 0 native plugins for Editor in 0.00 ms.
Warning: Annotation not found!
UnityEngine.StackTraceUtility:ExtractStackTrace ()
UnityEditor.ProBuilder.EditorUtility:SetGizmoIconEnabled (System.Type,bool) (at Library/PackageCache/com.unity.probuilder@4.4.0/Editor/EditorCore/EditorUtility.cs:593)
UnityEditor.ProBuilder.HierarchyListener:.cctor () (at Library/PackageCache/com.unity.probuilder@4.4.0/Editor/EditorCore/HierarchyListener.cs:21)
System.Runtime.CompilerServices.RuntimeHelpers:RunClassConstructor (System.RuntimeTypeHandle)
UnityEditor.EditorAssemblies:ProcessInitializeOnLoadAttributes (System.Type[])

[Library/PackageCache/com.unity.probuilder@4.4.0/Editor/EditorCore/EditorUtility.cs line 593]

Invoked RoslynAnalysisRunner static constructor.
RoslynAnalysisRunner will not be running.
RoslynAnalysisRunner has terminated.
Mono: successfully reloaded assembly
- Completed reload, in  2.277 seconds
Platform modules already initialized, skipping
Registering precompiled user dll's ...
Registered in 0.003146 seconds.
Begin MonoManager ReloadAssembly
Symbol file LoadedFromMemory doesn't match image C:\Dev\Unity\Undercooked\Library\PackageCache\com.unity.ext.nunit@1.0.0\net35\unity-custom\nunit.framework.dll
Native extension for WindowsStandalone target not found
Native extension for WebGL target not found
Refreshing native plugins compatible for Editor in 1.45 ms, found 2 plugins.
Preloading 0 native plugins for Editor in 0.00 ms.
Warning: Annotation not found!
UnityEngine.StackTraceUtility:ExtractStackTrace ()
UnityEditor.ProBuilder.EditorUtility:SetGizmoIconEnabled (System.Type,bool) (at Library/PackageCache/com.unity.probuilder@4.4.0/Editor/EditorCore/EditorUtility.cs:593)
UnityEditor.ProBuilder.HierarchyListener:.cctor () (at Library/PackageCache/com.unity.probuilder@4.4.0/Editor/EditorCore/HierarchyListener.cs:21)
System.Runtime.CompilerServices.RuntimeHelpers:RunClassConstructor (System.RuntimeTypeHandle)
UnityEditor.EditorAssemblies:ProcessInitializeOnLoadAttributes (System.Type[])

[Library/PackageCache/com.unity.probuilder@4.4.0/Editor/EditorCore/EditorUtility.cs line 593]

Invoked RoslynAnalysisRunner static constructor.
RoslynAnalysisRunner will not be running.
RoslynAnalysisRunner has terminated.
Mono: successfully reloaded assembly
- Completed reload, in  3.056 seconds
Platform modules already initialized, skipping
Shader 'Universal Render Pipeline/Particles/Lit': fallback shader 'Universal Render Pipeline/Particles/SimpleLit' not found
Refreshing native plugins compatible for Editor in 1.14 ms, found 2 plugins.
Preloading 0 native plugins for Editor in 0.00 ms.
Unloading 16 Unused Serialized files (Serialized files now loaded: 0)
System memory in use before: 78.7 MB.
System memory in use after: 78.9 MB.

Unloading 15 unused Assets to reduce memory usage. Loaded Objects now: 4019.
Total: 7.508500 ms (FindLiveObjects: 1.356000 ms CreateObjectMapping: 0.474800 ms MarkObjects: 5.653200 ms  DeleteObjects: 0.018600 ms)

========================================================================
Received Import Request.
  Time since last request: 232.869045 seconds.
  path: Assets/Scripts/PlayerController.cs
  artifactKey: Guid(9b5ae3bc32cd4b2c81c6fbb817cf92dd) Importer(815301076,1909f56bfc062723c751e8b465ee728b)
Start importing Assets/Scripts/PlayerController.cs using Guid(9b5ae3bc32cd4b2c81c6fbb817cf92dd) Importer(815301076,1909f56bfc062723c751e8b465ee728b)  -> (artifact id: 'c233b27ca75d5731e4073424b708b961') in 0.010676 seconds
  Import took 0.031269 seconds .

========================================================================
Received Prepare
Reloading mono domain
Begin MonoManager ReloadAssembly
Registering precompiled unity dll's ...
Register platform support module: C:/Program Files/Unity/Hub/Editor/2020.2.0b5/Editor/Data/PlaybackEngines/WebGLSupport/UnityEditor.WebGL.Extensions.dll
Register platform support module: C:/Program Files/Unity/Hub/Editor/2020.2.0b5/Editor/Data/PlaybackEngines/WindowsStandaloneSupport/UnityEditor.WindowsStandalone.Extensions.dll
Registered in 0.002628 seconds.
Symbol file LoadedFromMemory doesn't match image C:\Dev\Unity\Undercooked\Library\PackageCache\com.unity.ext.nunit@1.0.0\net35\unity-custom\nunit.framework.dll
Native extension for WindowsStandalone target not found
Native extension for WebGL target not found
Refreshing native plugins compatible for Editor in 78.53 ms, found 2 plugins.
Preloading 0 native plugins for Editor in 0.00 ms.
Warning: Annotation not found!
UnityEngine.StackTraceUtility:ExtractStackTrace ()
UnityEditor.ProBuilder.EditorUtility:SetGizmoIconEnabled (System.Type,bool) (at Library/PackageCache/com.unity.probuilder@4.4.0/Editor/EditorCore/EditorUtility.cs:593)
UnityEditor.ProBuilder.HierarchyListener:.cctor () (at Library/PackageCache/com.unity.probuilder@4.4.0/Editor/EditorCore/HierarchyListener.cs:21)
System.Runtime.CompilerServices.RuntimeHelpers:RunClassConstructor (System.RuntimeTypeHandle)
UnityEditor.EditorAssemblies:ProcessInitializeOnLoadAttributes (System.Type[])

[Library/PackageCache/com.unity.probuilder@4.4.0/Editor/EditorCore/EditorUtility.cs line 593]

Invoked RoslynAnalysisRunner static constructor.
RoslynAnalysisRunner will not be running.
RoslynAnalysisRunner has terminated.
Mono: successfully reloaded assembly
- Completed reload, in  1.342 seconds
Platform modules already initialized, skipping
Registering precompiled user dll's ...
Registered in 0.001881 seconds.
Begin MonoManager ReloadAssembly
Symbol file LoadedFromMemory doesn't match image C:\Dev\Unity\Undercooked\Library\PackageCache\com.unity.ext.nunit@1.0.0\net35\unity-custom\nunit.framework.dll
Native extension for WindowsStandalone target not found
Native extension for WebGL target not found
Refreshing native plugins compatible for Editor in 0.55 ms, found 2 plugins.
Preloading 0 native plugins for Editor in 0.00 ms.
Warning: Annotation not found!
UnityEngine.StackTraceUtility:ExtractStackTrace ()
UnityEditor.ProBuilder.EditorUtility:SetGizmoIconEnabled (System.Type,bool) (at Library/PackageCache/com.unity.probuilder@4.4.0/Editor/EditorCore/EditorUtility.cs:593)
UnityEditor.ProBuilder.HierarchyListener:.cctor () (at Library/PackageCache/com.unity.probuilder@4.4.0/Editor/EditorCore/HierarchyListener.cs:21)
System.Runtime.CompilerServices.RuntimeHelpers:RunClassConstructor (System.RuntimeTypeHandle)
UnityEditor.EditorAssemblies:ProcessInitializeOnLoadAttributes (System.Type[])

[Library/PackageCache/com.unity.probuilder@4.4.0/Editor/EditorCore/EditorUtility.cs line 593]

Invoked RoslynAnalysisRunner static constructor.
RoslynAnalysisRunner will not be running.
RoslynAnalysisRunner has terminated.
Mono: successfully reloaded assembly
- Completed reload, in  1.307 seconds
Platform modules already initialized, skipping
Shader 'Universal Render Pipeline/Particles/Lit': fallback shader 'Universal Render Pipeline/Particles/SimpleLit' not found
Refreshing native plugins compatible for Editor in 0.52 ms, found 2 plugins.
Preloading 0 native plugins for Editor in 0.00 ms.
Unloading 16 Unused Serialized files (Serialized files now loaded: 0)
System memory in use before: 78.7 MB.
System memory in use after: 79.0 MB.

Unloading 15 unused Assets to reduce memory usage. Loaded Objects now: 4023.
Total: 3.023600 ms (FindLiveObjects: 0.563800 ms CreateObjectMapping: 0.377000 ms MarkObjects: 2.061200 ms  DeleteObjects: 0.020100 ms)

AssetImportWorkerClient::OnTransportError - code=2 error=End of file
